<?xml version="1.0" encoding="UTF-8" ?>
<testsuite errors="1" failures="0" hostname="DESKTOP-UCMVQ91" name="StaticArrayListTest" skipped="0" tests="1" time="0.0" timestamp="2017-05-16T02:19:51">
  <properties>
[...]
</properties>
  <error message="StaticArrayListTest" type="java.lang.ClassNotFoundException">java.lang.ClassNotFoundException: StaticArrayListTest
	at java.net.URLClassLoader.findClass(Unknown Source)
	at java.lang.ClassLoader.loadClass(Unknown Source)
	at sun.misc.Launcher$AppClassLoader.loadClass(Unknown Source)
	at java.lang.ClassLoader.loadClass(Unknown Source)
	at java.lang.Class.forName0(Native Method)
	at java.lang.Class.forName(Unknown Source)
</error>
  <system-out><![CDATA[]]></system-out>
  <system-err><![CDATA[]]></system-err>
</testsuite>
